{
  "RSpec": {
    "coverage": {
      "/home/kind-prototype-8380/tic-tac-toe-rb-bootcamp-prep-000/lib/tic_tac_toe.rb": [
        1,
        81,
        68,
        null,
        13,
        null,
        null,
        null,
        null,
        1,
        null,
        null,
        null,
        null,
        null,
        null,
        null,
        null,
        null,
        1,
        25,
        25,
        25,
        25,
        25,
        null,
        null,
        1,
        24,
        null,
        null,
        1,
        23,
        null,
        null,
        null,
        1,
        24,
        null,
        null,
        1,
        21,
        21,
        21,
        21,
        20,
        20,
        null,
        1,
        null,
        null,
        null,
        1,
        22,
        null,
        null,
        1,
        21,
        14,
        null,
        7,
        null,
        null,
        null,
        1,
        28,
        184,
        null,
        null,
        null,
        null,
        null,
        1,
        37,
        30,
        null,
        7,
        null,
        null,
        null,
        1,
        18,
        2,
        null,
        16,
        null,
        null,
        null,
        1,
        27,
        13,
        null,
        null,
        null,
        1,
        3,
        1,
        2,
        1,
        1,
        null,
        null,
        null,
        null,
        null,
        null,
        1,
        12,
        18,
        null,
        null
      ]
    },
    "timestamp": 1599075625
  }
}
