{
  "RSpec": {
    "coverage": {
      "/home/kind-prototype-8380/tic-tac-toe-rb-bootcamp-prep-000/lib/tic_tac_toe.rb": [
        1,
        null,
        1,
        78,
        66,
        null,
        12,
        null,
        null,
        null,
        null,
        1,
        null,
        null,
        null,
        null,
        null,
        null,
        null,
        null,
        null,
        1,
        25,
        25,
        25,
        25,
        25,
        null,
        null,
        1,
        24,
        null,
        null,
        1,
        23,
        null,
        null,
        null,
        1,
        24,
        null,
        null,
        1,
        21,
        21,
        21,
        21,
        20,
        20,
        null,
        1,
        null,
        null,
        null,
        1,
        22,
        null,
        null,
        1,
        21,
        14,
        null,
        7,
        null,
        null,
        null,
        1,
        26,
        169,
        null,
        null,
        null,
        null,
        null,
        1,
        32,
        25,
        null,
        7,
        null,
        null,
        null,
        1,
        15,
        2,
        null,
        13,
        null,
        null,
        null,
        1,
        22,
        10,
        null,
        null,
        null,
        1,
        3,
        3,
        2,
        null,
        null,
        null,
        null,
        null,
        1,
        12,
        18,
        null,
        null,
        null
      ]
    },
    "timestamp": 1599076400
  }
}
